\BOOKMARK [0][-]{chapter.1}{\376\377\004\023\004\073\004\060\004\062\004\060\000\040\0001\000.\000\040\004\036\004\061\004\111\004\070\004\065\000\040\004\102\004\065\004\100\004\074\004\070\004\075\004\113\000\040\004\070\000\040\004\076\004\061\004\076\004\067\004\075\004\060\004\107\004\065\004\075\004\070\004\117}{}% 1
\BOOKMARK [1][-]{section.1.1}{\376\377\004\033\004\070\004\075\004\065\004\071\004\075\004\113\004\065\000\040\004\074\004\076\004\064\004\065\004\073\004\070\000\040\004\072\004\073\004\060\004\101\004\101\004\070\004\104\004\070\004\072\004\060\004\106\004\070\004\070\000\040\004\070\000\040\004\100\004\065\004\063\004\100\004\065\004\101\004\101\004\070\004\070}{chapter.1}% 2
\BOOKMARK [1][-]{section.1.2}{\376\377\004\034\004\065\004\102\004\076\004\064\000\040\004\075\004\060\004\070\004\074\004\065\004\075\004\114\004\110\004\070\004\105\000\040\004\072\004\062\004\060\004\064\004\100\004\060\004\102\004\076\004\062}{chapter.1}% 3
\BOOKMARK [1][-]{section.1.3}{\376\377\004\041\004\072\004\076\004\073\004\114\004\067\004\117\004\111\004\070\004\071\000\040\004\072\004\076\004\075\004\102\004\100\004\076\004\073\004\114}{chapter.1}% 4
\BOOKMARK [1][-]{section.1.4}{\376\377\004\036\004\077\004\100\004\065\004\064\004\065\004\073\004\065\004\075\004\070\004\117\000\040\004\070\000\040\004\076\004\061\004\076\004\067\004\075\004\060\004\107\004\065\004\075\004\070\004\117}{chapter.1}% 5
\BOOKMARK [2][-]{subsection.1.4.1}{\376\377\004\037\004\100\004\076\004\106\004\065\004\064\004\103\004\100\004\060\000\040\004\101\004\072\004\076\004\073\004\114\004\067\004\117\004\111\004\065\004\063\004\076\000\040\004\072\004\076\004\075\004\102\004\100\004\076\004\073\004\117}{section.1.4}% 6
\BOOKMARK [2][-]{subsection.1.4.2}{\376\377\004\024\004\076\004\062\004\065\004\100\004\070\004\102\004\065\004\073\004\114\004\075\004\076\004\065\000\040\004\076\004\106\004\065\004\075\004\070\004\062\004\060\004\075\004\070\004\065}{section.1.4}% 7
\BOOKMARK [2][-]{subsection.1.4.3}{\376\377\004\041\004\102\004\100\004\060\004\102\004\070\004\104\004\070\004\072\004\060\004\106\004\070\004\117}{section.1.4}% 8
\BOOKMARK [1][-]{section.1.5}{\376\377\004\040\004\060\004\067\004\075\004\076\004\062\004\070\004\064\004\075\004\076\004\101\004\102\004\070\000\040\004\101\004\072\004\076\004\073\004\114\004\067\004\117\004\111\004\065\004\063\004\076\000\040\004\072\004\076\004\075\004\102\004\100\004\076\004\073\004\117}{chapter.1}% 9
\BOOKMARK [2][-]{subsection.1.5.1}{\376\377\004\037\004\076\004\073\004\075\004\113\004\071\000\040\004\101\004\072\004\076\004\073\004\114\004\067\004\117\004\111\004\070\004\071\000\040\004\072\004\076\004\075\004\102\004\100\004\076\004\073\004\114\000\040\000\050\000c\000o\000m\000p\000l\000e\000t\000e\000\040\000C\000V\000\051}{section.1.5}% 10
\BOOKMARK [2][-]{subsection.1.5.2}{\376\377\004\041\004\073\004\103\004\107\004\060\004\071\004\075\004\113\004\065\000\040\004\100\004\060\004\067\004\061\004\070\004\065\004\075\004\070\004\117}{section.1.5}% 11
\BOOKMARK [2][-]{subsection.1.5.3}{\376\377\004\032\004\076\004\075\004\102\004\100\004\076\004\073\004\114\000\040\004\075\004\060\000\040\004\076\004\102\004\073\004\076\004\066\004\065\004\075\004\075\004\113\004\105\000\040\004\064\004\060\004\075\004\075\004\113\004\105\000\040\000\050\000h\000o\000l\000d\000-\000o\000u\000t\000\040\000C\000V\000\051}{section.1.5}% 12
\BOOKMARK [2][-]{subsection.1.5.4}{\376\377\004\032\004\076\004\075\004\102\004\100\004\076\004\073\004\114\000\040\004\077\004\076\000\040\004\076\004\102\004\064\004\065\004\073\004\114\004\075\004\113\004\074\000\040\004\076\004\061\004\112\004\065\004\072\004\102\004\060\004\074\000\040\000\050\000l\000e\000a\000v\000e\000-\000o\000n\000e\000-\000o\000u\000t\000\040\000C\000V\000\051}{section.1.5}% 13
\BOOKMARK [2][-]{subsection.1.5.5}{\376\377\004\032\004\076\004\075\004\102\004\100\004\076\004\073\004\114\000\040\004\077\004\076\000\040\000q\000\040\004\061\004\073\004\076\004\072\004\060\004\074\000\040\000\050\000q\000-\000f\000o\000l\000d\000\040\000C\000V\000\051}{section.1.5}% 14
\BOOKMARK [2][-]{subsection.1.5.6}{\376\377\004\032\004\076\004\075\004\102\004\100\004\076\004\073\004\114\000\040\004\077\004\076\000\040\000r\000\327\000q\000\040\004\061\004\073\004\076\004\072\004\060\004\074\000\040\000\050\000r\000\327\000q\000-\000f\000o\000l\000d\000\040\000C\000V\000\051}{section.1.5}% 15
\BOOKMARK [1][-]{section.1.6}{\376\377\004\041\004\072\004\076\004\073\004\114\004\067\004\117\004\111\004\070\004\071\000\040\004\072\004\076\004\075\004\102\004\100\004\076\004\073\004\114\000\040\004\062\000\040\004\067\004\060\004\064\004\060\004\107\004\060\004\105\000\040\004\077\004\100\004\076\004\063\004\075\004\076\004\067\004\070\004\100\004\076\004\062\004\060\004\075\004\070\004\117}{chapter.1}% 16
\BOOKMARK [2][-]{subsection.1.6.1}{\376\377\004\032\004\076\004\075\004\102\004\100\004\076\004\073\004\114\000\040\004\101\000\040\004\075\004\060\004\100\004\060\004\101\004\102\004\060\004\116\004\111\004\065\004\071\000\040\004\064\004\073\004\070\004\075\004\076\004\071\000\040\004\076\004\061\004\103\004\107\004\065\004\075\004\070\004\117}{section.1.6}% 17
\BOOKMARK [2][-]{subsection.1.6.2}{\376\377\004\032\004\076\004\075\004\102\004\100\004\076\004\073\004\114\000\040\004\101\000\040\004\104\004\070\004\072\004\101\004\070\004\100\004\076\004\062\004\060\004\075\004\075\004\076\004\071\000\040\004\064\004\073\004\070\004\075\004\076\004\071\000\040\004\076\004\061\004\103\004\107\004\065\004\075\004\070\004\117}{section.1.6}% 18
\BOOKMARK [1][-]{section.1.7}{\376\377\004\035\004\065\004\064\004\076\004\101\004\102\004\060\004\102\004\072\004\070\000\040\004\101\004\072\004\076\004\073\004\114\004\067\004\117\004\111\004\065\004\063\004\076\000\040\004\072\004\076\004\075\004\102\004\100\004\076\004\073\004\117}{chapter.1}% 19
\BOOKMARK [1][-]{section.1.8}{\376\377\004\037\004\100\004\070\004\074\004\065\004\075\004\065\004\075\004\070\004\065\000\040\004\101\004\072\004\076\004\073\004\114\004\067\004\117\004\111\004\065\004\063\004\076\000\040\004\072\004\076\004\075\004\102\004\100\004\076\004\073\004\117}{chapter.1}% 20
\BOOKMARK [1][-]{section.1.9}{\376\377\004\022\004\065\004\100\004\076\004\117\004\102\004\075\004\076\004\101\004\102\004\114\000\040\004\077\004\065\004\100\004\065\004\076\004\061\004\103\004\107\004\065\004\075\004\070\004\117}{chapter.1}% 21
\BOOKMARK [1][-]{section.1.10}{\376\377\004\041\004\102\004\060\004\102\004\070\004\101\004\102\004\070\004\107\004\065\004\101\004\072\004\070\004\065\000\040\004\072\004\100\004\070\004\102\004\065\004\100\004\070\004\070\000\040\004\062\000\040\004\074\004\060\004\110\004\070\004\075\004\075\004\076\004\074\000\040\004\076\004\061\004\103\004\107\004\065\004\075\004\070\004\070}{chapter.1}% 22
\BOOKMARK [2][-]{subsection.1.10.1}{\376\377\004\042\004\065\004\076\004\100\004\070\004\117}{section.1.10}% 23
\BOOKMARK [2][-]{subsection.1.10.2}{\376\377\004\027\004\060\004\064\004\060\004\107\004\070}{section.1.10}% 24
\BOOKMARK [0][-]{chapter.2}{\376\377\004\023\004\073\004\060\004\062\004\060\000\040\0002\000.\000\040\004\033\004\070\004\075\004\065\004\071\004\075\004\113\004\065\000\040\004\074\004\065\004\102\004\076\004\064\004\113\000\040\004\072\004\073\004\060\004\101\004\101\004\070\004\104\004\070\004\072\004\060\004\106\004\070\004\070\000\040\004\070\000\040\004\100\004\065\004\063\004\100\004\065\004\101\004\101\004\070\004\070}{}% 25
\BOOKMARK [1][-]{section.2.1}{\376\377\004\036\000\040\004\100\004\065\004\063\004\103\004\073\004\117\004\100\004\070\004\067\004\060\004\106\004\070\004\070}{chapter.2}% 26
\BOOKMARK [2][-]{subsection.2.1.1}{\376\377\004\023\004\060\004\103\004\101\004\101\004\076\004\062\004\101\004\072\004\070\004\071\000\040\004\070\000\040\004\073\004\060\004\077\004\073\004\060\004\101\004\076\004\062\004\101\004\072\004\070\004\071\000\040\004\100\004\065\004\063\004\103\004\073\004\117\004\100\004\070\004\067\004\060\004\102\004\076\004\100\004\113}{section.2.1}% 27
\BOOKMARK [2][-]{subsection.2.1.2}{\376\377\004\022\004\065\004\100\004\076\004\117\004\102\004\075\004\076\004\101\004\102\004\075\004\060\004\117\000\040\004\070\004\075\004\102\004\065\004\100\004\077\004\100\004\065\004\102\004\060\004\106\004\070\004\117\000\040\004\100\004\065\004\063\004\103\004\073\004\117\004\100\004\070\004\067\004\060\004\106\004\070\004\070}{section.2.1}% 28
\BOOKMARK [2][-]{subsection.2.1.3}{\376\377\004\027\004\060\004\064\004\060\004\107\004\070}{section.2.1}% 29
\BOOKMARK [1][-]{section.2.2}{\376\377\004\034\004\065\004\102\004\076\004\064\000\040\004\075\004\060\004\070\004\074\004\065\004\075\004\114\004\110\004\070\004\105\000\040\004\072\004\062\004\060\004\064\004\100\004\060\004\102\004\076\004\062\000\040\000\050\004\034\004\035\004\032\000\051\000\040\004\062\000\040\004\076\004\061\004\111\004\065\004\074\000\040\004\101\004\073\004\103\004\107\004\060\004\065}{chapter.2}% 30
\BOOKMARK [2][-]{subsection.2.2.1}{\376\377\004\037\004\100\004\076\000\040\004\073\004\070\004\075\004\065\004\071\004\075\004\103\004\116\000\040\004\100\004\065\004\063\004\100\004\065\004\101\004\101\004\070\004\116\000\040\004\070\000\040\004\034\004\035\004\032}{section.2.2}% 31
\BOOKMARK [2][-]{subsection.2.2.2}{\376\377\004\034\004\035\004\032\000\040\004\062\000\040\004\076\004\061\004\111\004\065\004\074\000\040\004\101\004\073\004\103\004\107\004\060\004\065}{section.2.2}% 32
\BOOKMARK [2][-]{subsection.2.2.3}{\376\377\004\037\004\100\004\076\004\061\004\073\004\065\004\074\004\113\000\040\004\070\000\040\004\076\004\063\004\100\004\060\004\075\004\070\004\107\004\065\004\075\004\070\004\117\000\040\004\034\004\035\004\032}{section.2.2}% 33
\BOOKMARK [2][-]{subsection.2.2.4}{\376\377\004\027\004\060\004\064\004\060\004\107\004\070}{section.2.2}% 34
\BOOKMARK [1][-]{section.2.3}{\376\377\004\022\004\065\004\100\004\076\004\117\004\102\004\075\004\076\004\101\004\102\004\075\004\113\004\065\000\040\004\104\004\103\004\075\004\072\004\106\004\070\004\070\000\040\004\077\004\076\004\102\004\065\004\100\004\114}{chapter.2}% 35
\BOOKMARK [2][-]{subsection.2.3.1}{\376\377\004\037\004\100\004\070\004\075\004\106\004\070\004\077\000\040\004\074\004\060\004\072\004\101\004\070\004\074\004\103\004\074\004\060\000\040\004\077\004\100\004\060\004\062\004\064\004\076\004\077\004\076\004\064\004\076\004\061\004\070\004\117}{section.2.3}% 36
\BOOKMARK [2][-]{subsection.2.3.2}{\376\377\004\041\004\062\004\117\004\067\004\114\000\040\004\077\004\100\004\060\004\062\004\064\004\076\004\077\004\076\004\064\004\076\004\061\004\070\004\117\000\040\004\070\000\040\004\060\004\077\004\077\004\100\004\076\004\072\004\101\004\070\004\074\004\060\004\106\004\070\004\070\000\040\004\115\004\074\004\077\004\070\004\100\004\070\004\107\004\065\004\101\004\072\004\076\004\063\004\076\000\040\004\100\004\070\004\101\004\072\004\060}{section.2.3}% 37
\BOOKMARK [2][-]{subsection.2.3.3}{\376\377\004\022\004\065\004\100\004\076\004\117\004\102\004\075\004\076\004\101\004\102\004\075\004\113\004\071\000\040\004\101\004\074\004\113\004\101\004\073\000\040\004\100\004\065\004\063\004\103\004\073\004\117\004\100\004\070\004\067\004\060\004\106\004\070\004\070}{section.2.3}% 38
\BOOKMARK [2][-]{subsection.2.3.4}{\376\377\004\027\004\060\004\064\004\060\004\107\004\070}{section.2.3}% 39
\BOOKMARK [1][-]{section.2.4}{\376\377\004\034\004\065\004\102\004\076\004\064\004\113\000\040\004\076\004\106\004\065\004\075\004\072\004\070\000\040\004\070\000\040\004\077\004\100\004\076\004\062\004\065\004\100\004\072\004\070\000\040\004\074\004\076\004\064\004\065\004\073\004\065\004\071}{chapter.2}% 40
\BOOKMARK [1][-]{section.2.5}{\376\377\004\034\004\075\004\076\004\063\004\076\004\072\004\073\004\060\004\101\004\101\004\076\004\062\004\060\004\117\000\040\004\072\004\073\004\060\004\101\004\101\004\070\004\104\004\070\004\072\004\060\004\106\004\070\004\117}{chapter.2}% 41
\BOOKMARK [2][-]{subsection.2.5.1}{\376\377\004\036\004\064\004\070\004\075\000\040\004\077\004\100\004\076\004\102\004\070\004\062\000\040\004\062\004\101\004\065\004\105\000\040\000\050\000o\000n\000e\000-\000v\000e\000r\000s\000u\000s\000-\000a\000l\000l\000\051}{section.2.5}% 42
\BOOKMARK [2][-]{subsection.2.5.2}{\376\377\004\022\004\101\004\065\000\040\004\077\004\100\004\076\004\102\004\070\004\062\000\040\004\062\004\101\004\065\004\105\000\040\000\050\000a\000l\000l\000-\000v\000e\000r\000s\000u\000s\000-\000a\000l\000l\000\051}{section.2.5}% 43
\BOOKMARK [2][-]{subsection.2.5.3}{\376\377\004\034\004\075\004\076\004\063\004\076\004\072\004\073\004\060\004\101\004\101\004\076\004\062\004\060\004\117\000\040\004\073\004\076\004\063\004\070\004\101\004\102\004\070\004\107\004\065\004\101\004\072\004\060\004\117\000\040\004\100\004\065\004\063\004\100\004\065\004\101\004\101\004\070\004\117}{section.2.5}% 44
\BOOKMARK [0][-]{chapter.3}{\376\377\004\023\004\073\004\060\004\062\004\060\000\040\0003\000.\000\040\004\036\004\101\004\075\004\076\004\062\004\113\000\040\004\075\004\065\004\071\004\100\004\076\004\101\004\065\004\102\004\065\004\062\004\113\004\105\000\040\004\074\004\076\004\064\004\065\004\073\004\065\004\071}{}% 45
\BOOKMARK [1][-]{section.3.1}{\376\377\004\037\004\076\004\073\004\075\004\076\004\101\004\062\004\117\004\067\004\075\004\060\004\117\000\040\004\075\004\065\004\071\004\100\004\076\004\075\004\075\004\060\004\117\000\040\004\101\004\065\004\102\004\114\000\040\000\050\004\037\004\065\004\100\004\101\004\065\004\077\004\102\004\100\004\076\004\075\000\051\000.}{chapter.3}% 46
\BOOKMARK [2][-]{subsection.3.1.1}{\376\377\004\034\004\076\004\064\004\065\004\073\004\114\000\040\004\075\004\065\004\071\004\100\004\076\004\075\004\060\000\040\004\034\004\060\004\072\004\032\004\060\004\073\004\073\004\076\004\072\004\060\000-\004\037\004\070\004\102\004\102\004\101\004\060}{section.3.1}% 47
\BOOKMARK [2][-]{subsection.3.1.2}{\376\377\004\040\004\065\004\060\004\073\004\070\004\067\004\060\004\106\004\070\004\117\000\040\004\073\004\076\004\063\004\070\004\107\004\065\004\101\004\072\004\070\004\105\000\040\004\104\004\103\004\075\004\072\004\106\004\070\004\071\000\040\004\101\000\040\004\077\004\076\004\074\004\076\004\111\004\114\004\116\000\040\004\075\004\065\004\071\004\100\004\076\004\075\004\060}{section.3.1}% 48
\BOOKMARK [2][-]{subsection.3.1.3}{\376\377\004\036\004\061\004\073\004\060\004\101\004\102\004\114\000\040\004\077\004\100\004\070\004\074\004\065\004\075\004\070\004\074\004\076\004\101\004\102\004\070\000\040\004\074\004\075\004\076\004\063\004\076\004\101\004\073\004\076\004\071\004\075\004\113\004\105\000\040\004\075\004\065\004\071\004\100\004\076\004\075\004\075\004\113\004\105\000\040\004\101\004\065\004\102\004\065\004\071}{section.3.1}% 49
\BOOKMARK [2][-]{subsection.3.1.4}{\376\377\004\037\004\076\004\073\004\075\004\076\004\101\004\062\004\117\004\067\004\075\004\060\004\117\000\040\004\075\004\065\004\071\004\100\004\076\004\075\004\075\004\060\004\117\000\040\004\101\004\065\004\102\004\114}{section.3.1}% 50
\BOOKMARK [2][-]{subsection.3.1.5}{\376\377\004\023\004\100\004\060\004\064\004\070\004\065\004\075\004\102\004\075\004\113\004\071\000\040\004\101\004\077\004\103\004\101\004\072}{section.3.1}% 51
\BOOKMARK [2][-]{subsection.3.1.6}{\376\377\004\041\004\102\004\076\004\105\004\060\004\101\004\102\004\070\004\107\004\065\004\101\004\072\004\070\004\071\000\040\004\063\004\100\004\060\004\064\004\070\004\065\004\075\004\102\004\075\004\113\004\071\000\040\004\101\004\077\004\103\004\101\004\072}{section.3.1}% 52
\BOOKMARK [2][-]{subsection.3.1.7}{\376\377\004\034\004\065\004\102\004\076\004\064\000\040\004\076\004\061\004\100\004\060\004\102\004\075\004\076\004\063\004\076\000\040\004\100\004\060\004\101\004\077\004\100\004\076\004\101\004\102\004\100\004\060\004\075\004\065\004\075\004\070\004\117\000\040\004\076\004\110\004\070\004\061\004\076\004\072\000\040\000\050\000B\000a\000c\000k\000P\000r\000o\000p\000\051\000.}{section.3.1}% 53
\BOOKMARK [2][-]{subsection.3.1.8}{\376\377\004\020\004\073\004\063\004\076\004\100\004\070\004\102\004\074\000\040\004\077\004\100\004\070\004\074\004\065\004\075\004\065\004\075\004\070\004\117\000\040\004\074\004\065\004\102\004\076\004\064\004\060\000\040\004\076\004\061\004\100\004\060\004\102\004\075\004\076\004\063\004\076\000\040\004\100\004\060\004\101\004\077\004\100\004\076\004\101\004\102\004\100\004\060\004\075\004\065\004\075\004\070\004\117\000\040\004\076\004\110\004\070\004\061\004\072\004\070\000\040\004\062\000\040\004\101\004\102\004\076\004\105\004\060\004\101\004\102\004\070\004\107\004\065\004\101\004\072\004\076\004\074\000\040\004\063\004\100\004\060\004\064\004\070\004\065\004\075\004\102\004\075\004\076\004\074\000\040\004\101\004\077\004\103\004\101\004\072\004\065\000.}{section.3.1}% 54
\BOOKMARK [1][-]{section.3.2}{\376\377\004\044\004\103\004\075\004\072\004\106\004\070\004\070\000\040\004\060\004\072\004\102\004\070\004\062\004\060\004\106\004\070\004\070\000\040\000R\000e\000L\000U\000\040\004\070\000\040\000P\000R\000e\000L\000U\000.\000\040\004\037\004\100\004\076\004\061\004\073\004\065\004\074\004\060\000\040\000\253\004\077\004\060\004\100\004\060\004\073\004\070\004\107\004\060\000\273\000\040\004\101\004\065\004\102\004\070\000.}{chapter.3}% 55
\BOOKMARK [2][-]{subsection.3.2.1}{\376\377\004\037\004\100\004\076\000\040\004\104\004\103\004\075\004\072\004\106\004\070\004\070\000\040\004\060\004\072\004\102\004\070\004\062\004\060\004\106\004\070\004\070}{section.3.2}% 56
\BOOKMARK [2][-]{subsection.3.2.2}{\376\377\000R\000e\000L\000U\000\040\000\050\000R\000e\000c\000t\000i\000f\000i\000e\000d\000\040\000L\000i\000n\000e\000a\000r\000\040\000U\000n\000i\000t\000\051\000,\000\040\004\077\004\100\004\076\004\061\004\073\004\065\004\074\004\060\000\040\000\253\004\077\004\060\004\100\004\060\004\073\004\070\004\107\004\060\000\273\000\040\004\101\004\065\004\102\004\070}{section.3.2}% 57
\BOOKMARK [2][-]{subsection.3.2.3}{\376\377\000P\000R\000e\000L\000U\000\040\000\050\000P\000a\000r\000a\000m\000e\000t\000r\000i\000c\000\040\000R\000e\000c\000t\000i\000f\000i\000e\000d\000\040\000L\000i\000n\000e\000a\000r\000\040\000U\000n\000i\000t\000\051}{section.3.2}% 58
\BOOKMARK [2][-]{subsection.3.2.4}{\376\377\004\027\004\060\004\064\004\060\004\107\004\070}{section.3.2}% 59
\BOOKMARK [1][-]{section.3.3}{\376\377\000D\000r\000o\000p\000\040\000O\000u\000t}{chapter.3}% 60
\BOOKMARK [2][-]{subsection.3.3.1}{\376\377\004\042\004\065\004\076\004\100\004\065\004\102\004\070\004\107\004\065\004\101\004\072\004\070\004\065\000\040\004\101\004\062\004\065\004\064\004\065\004\075\004\070\004\117}{section.3.3}% 61
\BOOKMARK [2][-]{subsection.3.3.2}{\376\377\004\040\004\065\004\060\004\073\004\070\004\067\004\060\004\106\004\070\004\117}{section.3.3}% 62
\BOOKMARK [2][-]{subsection.3.3.3}{\376\377\004\027\004\060\004\064\004\060\004\107\004\070}{section.3.3}% 63
\BOOKMARK [0][-]{chapter.4}{\376\377\004\023\004\073\004\060\004\062\004\060\000\040\0004\000.\000\040\004\034\004\065\004\102\004\100\004\070\004\107\004\065\004\101\004\072\004\070\004\065\000\040\004\074\004\065\004\102\004\076\004\064\004\113\000\040\004\072\004\073\004\060\004\101\004\101\004\070\004\104\004\070\004\072\004\060\004\106\004\070\004\070\000\040\004\070\000\040\004\100\004\065\004\063\004\100\004\065\004\101\004\101\004\070\004\070}{}% 64
\BOOKMARK [1][-]{section.4.1}{\376\377\004\027\004\060\004\064\004\060\004\107\004\070}{chapter.4}% 65
\BOOKMARK [2][-]{subsection.4.1.1}{\376\377\004\027\004\060\004\064\004\060\004\107\004\060\000\040\0001}{section.4.1}% 66
\BOOKMARK [2][-]{subsection.4.1.2}{\376\377\004\036\004\102\004\062\004\065\004\102\000:}{section.4.1}% 67
\BOOKMARK [2][-]{subsection.4.1.3}{\376\377\004\027\004\060\004\064\004\060\004\107\004\060\000\040\0002}{section.4.1}% 68
\BOOKMARK [2][-]{subsection.4.1.4}{\376\377\004\036\004\102\004\062\004\065\004\102\000:}{section.4.1}% 69
\BOOKMARK [2][-]{subsection.4.1.5}{\376\377\004\027\004\060\004\064\004\060\004\107\004\060\000\040\0003}{section.4.1}% 70
\BOOKMARK [2][-]{subsection.4.1.6}{\376\377\004\036\004\102\004\062\004\065\004\102\000:}{section.4.1}% 71
\BOOKMARK [1][-]{section.4.2}{\376\377\004\044\004\076\004\100\004\074\004\103\004\073\004\060\000\040\004\035\004\060\004\064\004\060\004\100\004\060\004\117\000-\004\022\004\060\004\102\004\101\004\076\004\075\004\060\000.}{chapter.4}% 72
\BOOKMARK [1][-]{section.4.3}{\376\377\004\022\004\073\004\070\004\117\004\075\004\070\004\065\000\040\004\062\004\113\004\061\004\076\004\100\004\060\000\040\004\074\004\065\004\102\004\100\004\070\004\072\004\070\000\040\004\075\004\060\000\040\004\072\004\060\004\107\004\065\004\101\004\102\004\062\004\076\000\040\004\100\004\060\004\061\004\076\004\102\004\113\000\040\000k\000N\000N}{chapter.4}% 73
\BOOKMARK [2][-]{subsection.4.3.1}{\376\377\004\041\004\103\004\111\004\075\004\076\004\101\004\102\004\114\000\040\004\074\004\065\004\102\004\076\004\064\004\060\000\040\000k\000-\004\061\004\073\004\070\004\066\004\060\004\071\004\110\004\070\004\105\000\040\004\101\004\076\004\101\004\065\004\064\004\065\004\071}{section.4.3}% 74
\BOOKMARK [2][-]{subsection.4.3.2}{\376\377\004\037\004\076\004\077\004\103\004\073\004\117\004\100\004\075\004\113\004\065\000\040\004\074\004\065\004\102\004\100\004\070\004\072\004\070\000\040\004\100\004\060\004\101\004\101\004\102\004\076\004\117\004\075\004\070\004\117}{section.4.3}% 75
\BOOKMARK [2][-]{subsection.4.3.3}{\376\377\004\022\004\073\004\070\004\117\004\075\004\070\004\065\000\040\004\062\004\113\004\061\004\076\004\100\004\060\000\040\004\074\004\065\004\102\004\100\004\070\004\072\004\070\000\040\004\075\004\060\000\040\004\072\004\060\004\107\004\065\004\101\004\102\004\062\004\076\000\040\004\100\004\060\004\061\004\076\004\102\004\113\000\040\004\074\004\076\004\064\004\065\004\073\004\070}{section.4.3}% 76
\BOOKMARK [2][-]{subsection.4.3.4}{\376\377\004\037\004\100\004\070\004\074\004\065\004\100\004\113\000\040\004\067\004\060\004\064\004\060\004\107}{section.4.3}% 77
\BOOKMARK [2][-]{subsection.4.3.5}{\376\377\004\027\004\060\004\072\004\073\004\116\004\107\004\065\004\075\004\070\004\065}{section.4.3}% 78
\BOOKMARK [1][-]{section.4.4}{\376\377\004\021\004\076\004\073\004\065\004\065\000\040\004\061\004\113\004\101\004\102\004\100\004\113\004\065\000\040\004\076\004\077\004\102\004\070\004\074\004\070\004\067\004\060\004\106\004\070\004\070\000\040\000k\000N\000N\000.}{chapter.4}% 79
\BOOKMARK [2][-]{subsection.4.4.1}{\376\377\000B\000a\000l\000l\000T\000r\000e\000e}{section.4.4}% 80
\BOOKMARK [2][-]{subsection.4.4.2}{\376\377\000K\000D\000-\000T\000r\000e\000e}{section.4.4}% 81
\BOOKMARK [2][-]{subsection.4.4.3}{\376\377\004\037\004\100\004\070\004\074\004\065\004\100\004\113\000\040\004\067\004\060\004\064\004\060\004\107}{section.4.4}% 82
\BOOKMARK [1][-]{section.4.5}{\376\377\004\040\004\060\004\101\004\101\004\102\004\076\004\117\004\075\004\070\004\065\000\040\004\034\004\060\004\105\004\060\004\073\004\060\004\075\004\076\004\061\004\070\004\101\004\060\000\040\004\062\000\040\004\074\004\065\004\102\004\100\004\070\004\107\004\065\004\101\004\072\004\070\004\105\000\040\004\074\004\065\004\102\004\076\004\064\004\060\004\105\000\040\004\072\004\073\004\060\004\101\004\101\004\070\004\104\004\070\004\072\004\060\004\106\004\070\004\070\000\040\004\070\000\040\004\100\004\065\004\063\004\100\004\065\004\101\004\101\004\070\004\070}{chapter.4}% 83
\BOOKMARK [2][-]{subsection.4.5.1}{\376\377\004\036\004\077\004\100\004\065\004\064\004\065\004\073\004\065\004\075\004\070\004\065\000:}{section.4.5}% 84
\BOOKMARK [2][-]{subsection.4.5.2}{\376\377\004\037\004\100\004\065\004\070\004\074\004\103\004\111\004\065\004\101\004\102\004\062\004\060\000\040\004\100\004\060\004\101\004\101\004\102\004\076\004\117\004\075\004\070\004\117\000\040\004\034\004\060\004\105\004\060\004\073\004\060\004\075\004\076\004\061\004\070\004\101\004\060\000:}{section.4.5}% 85
\BOOKMARK [2][-]{subsection.4.5.3}{\376\377\004\035\004\065\004\064\004\076\004\101\004\102\004\060\004\102\004\072\004\070\000\040\004\100\004\060\004\101\004\101\004\102\004\076\004\117\004\075\004\070\004\117\000\040\004\034\004\060\004\105\004\060\004\073\004\060\004\075\004\076\004\061\004\070\004\101\004\060\000:}{section.4.5}% 86
\BOOKMARK [2][-]{subsection.4.5.4}{\376\377\004\037\004\100\004\060\004\072\004\102\004\070\004\107\004\065\004\101\004\072\004\070\004\065\000\040\004\060\004\101\004\077\004\065\004\072\004\102\004\113\000\040\004\070\004\101\004\077\004\076\004\073\004\114\004\067\004\076\004\062\004\060\004\075\004\070\004\117\000:}{section.4.5}% 87
\BOOKMARK [2][-]{subsection.4.5.5}{\376\377\004\037\004\100\004\070\004\074\004\065\004\075\004\065\004\075\004\070\004\065\000\040\004\062\000\040\004\074\004\065\004\102\004\076\004\064\004\060\004\105\000\040\004\072\004\073\004\060\004\101\004\101\004\070\004\104\004\070\004\072\004\060\004\106\004\070\004\070\000\040\004\070\000\040\004\100\004\065\004\063\004\100\004\065\004\101\004\101\004\070\004\070}{section.4.5}% 88
\BOOKMARK [2][-]{subsection.4.5.6}{\376\377\004\027\004\060\004\064\004\060\004\107\004\070}{section.4.5}% 89
\BOOKMARK [1][-]{section.4.6}{\376\377\004\037\004\100\004\076\004\104\004\070\004\073\004\114\000\040\004\072\004\076\004\074\004\077\004\060\004\072\004\102\004\075\004\076\004\101\004\102\004\070\000\040\004\070\000\040\004\076\004\106\004\065\004\075\004\072\004\060\000\040\004\076\004\061\004\076\004\061\004\111\004\060\004\116\004\111\004\065\004\071\000\040\004\101\004\077\004\076\004\101\004\076\004\061\004\075\004\076\004\101\004\102\004\070}{chapter.4}% 90
\BOOKMARK [2][-]{subsection.4.6.1}{\376\377\000C\000C\000V}{section.4.6}% 91
\BOOKMARK [2][-]{subsection.4.6.2}{\376\377\004\037\004\100\004\076\004\104\004\070\004\073\004\114\000\040\004\072\004\076\004\074\004\077\004\060\004\072\004\102\004\075\004\076\004\101\004\102\004\070}{section.4.6}% 92
\BOOKMARK [2][-]{subsection.4.6.3}{\376\377\000C\000C\000V\000\040\004\064\004\073\004\117\000\040\004\074\004\065\004\102\004\076\004\064\004\060\000\040\0001\000N\000N}{section.4.6}% 93
\BOOKMARK [2][-]{subsection.4.6.4}{\376\377\004\037\004\100\004\070\004\074\004\065\004\100\000\040\004\077\004\100\004\076\004\104\004\070\004\073\004\065\004\071\000\040\004\072\004\076\004\074\004\077\004\060\004\072\004\102\004\075\004\076\004\101\004\102\004\070}{section.4.6}% 94
\BOOKMARK [2][-]{subsection.4.6.5}{\376\377\004\027\004\060\004\064\004\060\004\107\004\070}{section.4.6}% 95
\BOOKMARK [2][-]{subsection.4.6.6}{\376\377\004\034\004\070\004\075\004\070\004\074\004\070\004\067\004\060\004\106\004\070\004\117\000\040\000C\004\041\000V}{section.4.6}% 96
\BOOKMARK [2][-]{subsection.4.6.7}{\376\377\000R\000a\000n\000d\000o\000m\000\040\000p\000r\000o\000j\000e\000c\000t\000i\000o\000n\000\040\000t\000r\000e\000e\000s\000\040\000-\000\040\000A\000n\000n\000o\000y}{section.4.6}% 97
\BOOKMARK [1][-]{section.4.7}{\376\377\004\036\004\102\004\061\004\076\004\100\000\040\004\115\004\102\004\060\004\073\004\076\004\075\004\075\004\113\004\105\000\040\004\076\004\061\004\112\004\065\004\072\004\102\004\076\004\062}{chapter.4}% 98
\BOOKMARK [1][-]{section.4.8}{\376\377\004\032\004\076\004\074\004\077\004\060\004\072\004\102\004\075\004\076\004\101\004\102\004\114\000\040\004\070\000\040\004\077\004\100\004\076\004\104\004\070\004\073\004\114\000\040\004\072\004\076\004\074\004\077\004\060\004\072\004\102\004\075\004\076\004\101\004\102\004\070}{chapter.4}% 99
\BOOKMARK [1][-]{section.4.9}{\376\377\004\034\004\065\004\102\004\076\004\064\000\040\004\076\004\072\004\075\004\060\000\040\004\037\004\060\004\100\004\067\004\065\004\075\004\060\000.}{chapter.4}% 100
\BOOKMARK [1][-]{section.4.10}{\376\377\004\034\004\065\004\102\004\076\004\064\000\040\004\077\004\076\004\102\004\065\004\075\004\106\004\070\004\060\004\073\004\114\004\075\004\113\004\105\000\040\004\104\004\103\004\075\004\072\004\106\004\070\004\071}{chapter.4}% 101
\BOOKMARK [2][-]{subsection.4.10.1}{\376\377\004\037\004\076\004\064\004\061\004\076\004\100\000\040\004\077\004\060\004\100\004\060\004\074\004\065\004\102\004\100\004\076\004\062}{section.4.10}% 102
\BOOKMARK [2][-]{subsection.4.10.2}{\376\377\004\037\004\100\004\065\004\070\004\074\004\103\004\111\004\065\004\101\004\102\004\062\004\060\000\040\004\070\000\040\004\075\004\065\004\064\004\076\004\101\004\102\004\060\004\102\004\072\004\070}{section.4.10}% 103
\BOOKMARK [2][-]{subsection.4.10.3}{\376\377\004\027\004\060\004\064\004\060\004\107\004\070\000\040\004\064\004\073\004\117\000\040\004\101\004\060\004\074\004\076\004\077\004\100\004\076\004\062\004\065\004\100\004\072\004\070}{section.4.10}% 104
\BOOKMARK [0][-]{chapter.5}{\376\377\004\023\004\073\004\060\004\062\004\060\000\040\0005\000.\000\040\004\034\004\065\004\102\004\076\004\064\000\040\004\076\004\077\004\076\004\100\004\075\004\113\004\105\000\040\004\062\004\065\004\072\004\102\004\076\004\100\004\076\004\062}{}% 105
\BOOKMARK [1][-]{section.5.1}{\376\377\000S\000V\000M\000-\004\072\004\073\004\060\004\101\004\101\004\070\004\104\004\070\004\072\004\060\004\106\004\070\004\117}{chapter.5}% 106
\BOOKMARK [2][-]{subsection.5.1.1}{\376\377\004\037\004\076\004\101\004\102\004\060\004\075\004\076\004\062\004\072\004\060\000\040\004\067\004\060\004\064\004\060\004\107\004\070}{section.5.1}% 107
\BOOKMARK [2][-]{subsection.5.1.2}{\376\377\004\034\004\060\004\102\004\065\004\074\004\060\004\102\004\070\004\107\004\065\004\101\004\072\004\060\004\117\000\040\004\104\004\076\004\100\004\074\004\060\004\073\004\070\004\067\004\060\004\106\004\070\004\117}{section.5.1}% 108
\BOOKMARK [2][-]{subsection.5.1.3}{\376\377\004\043\004\101\004\073\004\076\004\062\004\070\004\117\000\040\004\100\004\060\004\067\004\064\004\065\004\073\004\070\004\074\004\076\004\101\004\102\004\070}{section.5.1}% 109
\BOOKMARK [2][-]{subsection.5.1.4}{\376\377\004\036\004\077\004\102\004\070\004\074\004\070\004\067\004\060\004\106\004\070\004\076\004\075\004\075\004\060\004\117\000\040\004\067\004\060\004\064\004\060\004\107\004\060}{section.5.1}% 110
\BOOKMARK [2][-]{subsection.5.1.5}{\376\377\004\024\004\062\004\076\004\071\004\101\004\102\004\062\004\065\004\075\004\075\004\060\004\117\000\040\004\067\004\060\004\064\004\060\004\107\004\060}{section.5.1}% 111
\BOOKMARK [2][-]{subsection.5.1.6}{\376\377\004\057\004\064\004\100\004\060}{section.5.1}% 112
\BOOKMARK [2][-]{subsection.5.1.7}{\376\377\004\024\004\070\004\101\004\072\004\100\004\070\004\074\004\070\004\075\004\060\004\075\004\102\004\075\004\060\004\117\000\040\004\104\004\103\004\075\004\072\004\106\004\070\004\117\000\040\004\062\000\040\004\117\004\064\004\100\004\076\004\062\004\076\004\074\000\040\004\077\004\100\004\076\004\101\004\102\004\100\004\060\004\075\004\101\004\102\004\062\004\065}{section.5.1}% 113
\BOOKMARK [2][-]{subsection.5.1.8}{\376\377\004\034\004\117\004\063\004\072\004\070\004\065\000\040\004\063\004\100\004\060\004\075\004\070\004\106\004\113}{section.5.1}% 114
\BOOKMARK [2][-]{subsection.5.1.9}{\376\377\004\027\004\060\004\064\004\060\004\107\004\060\000\040\0001}{section.5.1}% 115
\BOOKMARK [2][-]{subsection.5.1.10}{\376\377\004\027\004\060\004\064\004\060\004\107\004\060\000\040\0002}{section.5.1}% 116
\BOOKMARK [2][-]{subsection.5.1.11}{\376\377\004\027\004\060\004\064\004\060\004\107\004\060\000\040\0003}{section.5.1}% 117
\BOOKMARK [1][-]{section.5.2}{\376\377\000S\000V\000M\000-\004\100\004\065\004\063\004\100\004\065\004\101\004\101\004\070\004\117}{chapter.5}% 118
\BOOKMARK [2][-]{subsection.5.2.1}{\376\377\004\037\004\076\004\101\004\102\004\060\004\075\004\076\004\062\004\072\004\060\000\040\004\067\004\060\004\064\004\060\004\107\004\070}{section.5.2}% 119
\BOOKMARK [2][-]{subsection.5.2.2}{\376\377\004\037\004\100\004\117\004\074\004\060\004\117\000\040\004\067\004\060\004\064\004\060\004\107\004\060}{section.5.2}% 120
\BOOKMARK [2][-]{subsection.5.2.3}{\376\377\004\037\004\100\004\065\004\076\004\061\004\100\004\060\004\067\004\076\004\062\004\060\004\075\004\070\004\065\000\040\004\067\004\060\004\064\004\060\004\107\004\070}{section.5.2}% 121
\BOOKMARK [2][-]{subsection.5.2.4}{\376\377\004\034\004\065\004\102\004\076\004\064\000\040\004\033\004\060\004\063\004\100\004\060\004\075\004\066\004\060}{section.5.2}% 122
\BOOKMARK [2][-]{subsection.5.2.5}{\376\377\004\043\004\101\004\073\004\076\004\062\004\070\004\117\000\040\004\076\004\077\004\102\004\070\004\074\004\060\004\073\004\114\004\075\004\076\004\101\004\102\004\070}{section.5.2}% 123
\BOOKMARK [2][-]{subsection.5.2.6}{\376\377\004\024\004\062\004\076\004\071\004\101\004\102\004\062\004\065\004\075\004\075\004\060\004\117\000\040\004\067\004\060\004\064\004\060\004\107\004\060}{section.5.2}% 124
\BOOKMARK [2][-]{subsection.5.2.7}{\376\377\004\037\004\076\004\101\004\102\004\100\004\076\004\065\004\075\004\070\004\065\000\040\004\104\004\070\004\075\004\060\004\073\004\114\004\075\004\076\004\071\000\040\004\074\004\076\004\064\004\065\004\073\004\070}{section.5.2}% 125
\BOOKMARK [2][-]{subsection.5.2.8}{\376\377\004\022\004\113\004\061\004\076\004\100\000\040\004\117\004\064\004\100\004\060}{section.5.2}% 126
\BOOKMARK [2][-]{subsection.5.2.9}{\376\377\004\027\004\060\004\064\004\060\004\107\004\060\000\040\0001}{section.5.2}% 127
\BOOKMARK [2][-]{subsection.5.2.10}{\376\377\004\027\004\060\004\064\004\060\004\107\004\060\000\040\0002}{section.5.2}% 128
\BOOKMARK [2][-]{subsection.5.2.11}{\376\377\004\027\004\060\004\064\004\060\004\107\004\060\000\040\0003}{section.5.2}% 129
\BOOKMARK [1][-]{section*.144}{\376\377\0001\000-\000n\000o\000r\000m\000\040\000S\000V\000M\000\040\000\050\000L\000A\000S\000S\000O\000\040\000S\000V\000M\000\051}{chapter.5}% 130
\BOOKMARK [1][-]{section*.148}{\376\377\004\041\004\100\004\060\004\062\004\075\004\065\004\075\004\070\004\065\000\040\000L\0002\000\040\004\070\000\040\000L\0001\000\040\004\100\004\065\004\063\004\103\004\073\004\117\004\100\004\070\004\067\004\060\004\106\004\070\004\070}{chapter.5}% 131
\BOOKMARK [1][-]{section*.151}{\376\377\000D\000o\000u\000b\000l\000y\000\040\000R\000e\000g\000u\000l\000a\000r\000i\000z\000e\000d\000\040\000S\000V\000M\000\040\000\050\000E\000l\000a\000s\000t\000i\000c\000\040\000N\000e\000t\000\040\000S\000V\000M\000\051}{chapter.5}% 132
\BOOKMARK [2][-]{section*.154}{\376\377\000E\000l\000a\000s\000t\000i\000c\000\040\000N\000e\000t\000\040\000A\000n\000a\000l\000y\000s\000i\000s}{section*.151}% 133
\BOOKMARK [1][-]{section*.156}{\376\377\000S\000u\000p\000p\000o\000r\000t\000\040\000F\000e\000a\000t\000u\000r\000e\000s\000\040\000M\000a\000c\000h\000i\000n\000e\000\040\000\050\000S\000F\000M\000\051}{chapter.5}% 134
\BOOKMARK [1][-]{section*.158}{\376\377\000R\000e\000l\000e\000v\000a\000n\000c\000e\000\040\000F\000e\000a\000t\000u\000r\000e\000s\000\040\000M\000a\000c\000h\000i\000n\000e\000\040\000\050\000R\000F\000M\000\051}{chapter.5}% 135
\BOOKMARK [1][-]{section*.160}{\376\377\004\027\004\060\004\064\004\060\004\107\004\070}{chapter.5}% 136
\BOOKMARK [2][-]{section*.161}{\376\377\004\027\004\060\004\064\004\060\004\107\004\060\000\040\0001}{section*.160}% 137
\BOOKMARK [2][-]{section*.162}{\376\377\004\036\004\102\004\062\004\065\004\102\000:}{section*.160}% 138
\BOOKMARK [2][-]{section*.163}{\376\377\004\027\004\060\004\064\004\060\004\107\004\060\000\040\0002}{section*.160}% 139
\BOOKMARK [2][-]{section*.164}{\376\377\004\036\004\102\004\062\004\065\004\102\000:}{section*.160}% 140
\BOOKMARK [2][-]{section*.165}{\376\377\004\027\004\060\004\064\004\060\004\107\004\060\000\040\0003}{section*.160}% 141
\BOOKMARK [2][-]{section*.166}{\376\377\004\036\004\102\004\062\004\065\004\102\000:}{section*.160}% 142
\BOOKMARK [0][-]{chapter.6}{\376\377\004\023\004\073\004\060\004\062\004\060\000\040\0006\000.\000\040\004\034\004\065\004\102\004\076\004\064\000\040\004\063\004\073\004\060\004\062\004\075\004\113\004\105\000\040\004\072\004\076\004\074\004\077\004\076\004\075\004\065\004\075\004\102}{}% 143
\BOOKMARK [1][-]{section*.167}{\376\377\004\022\004\062\004\065\004\064\004\065\004\075\004\070\004\065\000\040\004\062\000\040\004\074\004\065\004\102\004\076\004\064\000\040\004\063\004\073\004\060\004\062\004\075\004\113\004\105\000\040\004\072\004\076\004\074\004\077\004\076\004\075\004\065\004\075\004\102\000\050\000P\000C\000A\000\051}{chapter.6}% 144
\BOOKMARK [1][-]{section*.168}{\376\377\004\027\004\060\004\064\004\060\004\107\004\070\000\040\004\075\004\060\000\040\004\070\004\101\004\077\004\076\004\073\004\114\004\067\004\076\004\062\004\060\004\075\004\070\004\065\000\040\004\074\004\065\004\102\004\076\004\064\004\060\000\040\004\063\004\073\004\060\004\062\004\075\004\113\004\105\000\040\004\072\004\076\004\074\004\077\004\076\004\075\004\065\004\075\004\102}{chapter.6}% 145
\BOOKMARK [2][-]{section*.169}{\376\377\004\027\004\060\004\064\004\060\004\107\004\060\000\040\0001\000:\000\040\004\022\004\072\004\073\004\060\004\064\000\040\004\077\004\100\004\070\004\067\004\075\004\060\004\072\004\076\004\062\000\040\004\062\000\040\004\063\004\073\004\060\004\062\004\075\004\113\004\065\000\040\004\072\004\076\004\074\004\077\004\076\004\075\004\065\004\075\004\102\004\113}{section*.168}% 146
\BOOKMARK [2][-]{section*.170}{\376\377\004\027\004\060\004\064\004\060\004\107\004\060\000\040\0002\000:\000\040\004\036\004\110\004\070\004\061\004\072\004\060\000\040\000"\004\100\004\065\004\072\004\076\004\075\004\101\004\102\004\100\004\103\004\072\004\106\004\070\004\070\000"\000P\000C\000A}{section*.168}% 147
\BOOKMARK [2][-]{section*.171}{\376\377\004\027\004\060\004\064\004\060\004\107\004\060\000\040\0003\000:\000\040\004\037\004\076\004\101\004\102\004\100\004\076\004\070\004\102\004\114\000\040\004\072\004\100\004\070\004\102\004\065\004\100\004\070\004\071\000\040\000D\000-\004\076\004\077\004\102\004\070\004\074\004\060\004\073\004\114\004\075\004\076\004\101\004\102\004\070\000\040\004\064\004\073\004\117\000\040\004\062\004\113\004\061\004\076\004\100\004\060\000\040\004\073\004\103\004\107\004\110\004\070\004\067\000\040\000k\000-\004\072\004\076\004\074\004\077\004\076\004\075\004\065\004\075\004\102\000\040}{section*.168}% 148
\BOOKMARK [0][-]{chapter.7}{\376\377\004\023\004\073\004\060\004\062\004\060\000\040\0007\000.\000\040\004\035\004\065\004\073\004\070\004\075\004\065\004\071\004\075\004\113\004\065\000\040\004\074\004\076\004\064\004\065\004\073\004\070\000\040\004\074\004\060\004\110\004\070\004\075\004\075\004\076\004\063\004\076\000\040\004\076\004\061\004\103\004\107\004\065\004\075\004\070\004\117}{}% 149
\BOOKMARK [1][-]{section*.179}{\376\377\000B\000a\000c\000k\000f\000i\000t\000t\000i\000n\000g}{chapter.7}% 150
\BOOKMARK [2][-]{section*.180}{\376\377\004\020\004\073\004\063\004\076\004\100\004\070\004\102\004\074\000\040\000b\000a\000c\000k\000f\000i\000t\000t\000i\000n\000g}{section*.179}% 151
\BOOKMARK [2][-]{section*.181}{\376\377\004\027\004\060\004\064\004\060\004\107\004\060}{section*.179}% 152
\BOOKMARK [1][-]{section*.182}{\376\377\004\034\004\065\004\102\004\076\004\064\000\040\004\075\004\060\004\070\004\074\004\065\004\075\004\114\004\110\004\070\004\105\000\040\004\072\004\062\004\060\004\064\004\100\004\060\004\102\004\076\004\062\000\040\004\101\000\040\004\070\004\102\004\065\004\100\004\060\004\102\004\070\004\062\004\075\004\113\004\074\000\040\004\077\004\065\004\100\004\065\004\101\004\107\004\121\004\102\004\076\004\074\000\040\004\062\004\065\004\101\004\076\004\062\000\040\000\050\000I\000R\000L\000S\000\051}{chapter.7}% 153
\BOOKMARK [2][-]{section*.183}{\376\377\004\022\004\067\004\062\004\065\004\110\004\065\004\075\004\075\004\113\004\065\000\040\004\074\004\065\004\102\004\076\004\064\000\040\004\075\004\060\004\070\004\074\004\065\004\075\004\114\004\110\004\070\004\105\000\040\004\072\004\062\004\060\004\064\004\100\004\060\004\102\004\076\004\062}{section*.182}% 154
\BOOKMARK [2][-]{section*.184}{\376\377\004\020\004\073\004\063\004\076\004\100\004\070\004\102\004\074\000\040\000I\000R\000L\000S}{section*.182}% 155
\BOOKMARK [2][-]{section*.185}{\376\377\004\027\004\060\004\064\004\060\004\107\004\070}{section*.182}% 156
\BOOKMARK [0][-]{chapter.8}{\376\377\004\023\004\073\004\060\004\062\004\060\000\040\0008\000.\000\040\004\036\004\061\004\076\004\061\004\111\004\065\004\075\004\075\004\113\004\065\000\040\004\073\004\070\004\075\004\065\004\071\004\075\004\113\004\065\000\040\004\074\004\076\004\064\004\065\004\073\004\070}{}% 157
\BOOKMARK [0][-]{chapter.9}{\376\377\004\023\004\073\004\060\004\062\004\060\000\040\0009\000.\000\040\004\035\004\065\004\101\004\102\004\060\004\075\004\064\004\060\004\100\004\102\004\075\004\113\004\065\000\040\004\104\004\103\004\075\004\072\004\106\004\070\004\070\000\040\004\077\004\076\004\102\004\065\004\100\004\114}{}% 158
\BOOKMARK [0][-]{chapter.10}{\376\377\004\023\004\073\004\060\004\062\004\060\000\040\0001\0000\000.\000\040\004\032\004\100\004\070\004\102\004\065\004\100\004\070\004\070\000\040\004\062\004\113\004\061\004\076\004\100\004\060\000\040\004\074\004\076\004\064\004\065\004\073\004\065\004\071}{}% 159
\BOOKMARK [0][-]{chapter.11}{\376\377\004\023\004\073\004\060\004\062\004\060\000\040\0001\0001\000.\000\040\004\034\004\065\004\102\004\076\004\064\004\113\000\040\004\076\004\102\004\061\004\076\004\100\004\060\000\040\004\077\004\100\004\070\004\067\004\075\004\060\004\072\004\076\004\062}{}% 160
\BOOKMARK [1][-]{section*.237}{\376\377\004\032\004\060\004\107\004\065\004\101\004\102\004\062\004\076\000\040\004\072\004\073\004\060\004\101\004\101\004\070\004\104\004\070\004\072\004\060\004\106\004\070\004\070}{chapter.11}% 161
\BOOKMARK [1][-]{section*.246}{\376\377\004\034\004\065\004\102\004\076\004\064\004\113\000\040\004\076\004\102\004\061\004\076\004\100\004\060\000\040\004\077\004\100\004\070\004\067\004\075\004\060\004\072\004\076\004\062\000:\000\040\004\077\004\076\004\073\004\075\004\113\004\071\000\040\004\077\004\065\004\100\004\065\004\061\004\076\004\100\000,\000\040\004\060\004\073\004\063\004\076\004\100\004\070\004\102\004\074\000\040\000A\000d\000d}{chapter.11}% 162
\BOOKMARK [2][-]{section*.247}{\376\377\004\023\004\065\004\075\004\065\004\100\004\060\004\106\004\070\004\117\000\040\004\075\004\076\004\062\004\113\004\105\000\040\004\077\004\100\004\070\004\067\004\075\004\060\004\072\004\076\004\062}{section*.246}% 163
\BOOKMARK [2][-]{section*.248}{\376\377\004\037\004\076\004\073\004\075\004\113\004\071\000\040\004\077\004\065\004\100\004\065\004\061\004\076\004\100}{section*.246}% 164
\BOOKMARK [2][-]{section*.249}{\376\377\004\026\004\060\004\064\004\075\004\113\004\071\000\040\004\060\004\073\004\063\004\076\004\100\004\070\004\102\004\074\000\040\000A\000d\000d}{section*.246}% 165
\BOOKMARK [2][-]{section*.250}{\376\377\004\027\004\060\004\064\004\060\004\107\004\070}{section*.246}% 166
\BOOKMARK [1][-]{section*.258}{\376\377\004\034\004\065\004\102\004\076\004\064\004\113\000\040\004\077\004\100\004\065\004\076\004\061\004\100\004\060\004\067\004\076\004\062\004\060\004\075\004\070\004\117\000\040\004\072\004\060\004\102\004\065\004\063\004\076\004\100\004\070\004\060\004\073\004\114\004\075\004\113\004\105\000\040\004\077\004\100\004\070\004\067\004\075\004\060\004\072\004\076\004\062}{chapter.11}% 167
\BOOKMARK [0][-]{chapter.12}{\376\377\004\023\004\073\004\060\004\062\004\060\000\040\0001\0002\000.\000\040\004\033\004\076\004\063\004\070\004\107\004\065\004\101\004\072\004\070\004\065\000\040\004\074\004\065\004\102\004\076\004\064\004\113\000\040\004\072\004\073\004\060\004\101\004\101\004\070\004\104\004\070\004\072\004\060\004\106\004\070\004\070}{}% 168
\BOOKMARK [1][-]{section*.271}{\376\377\004\021\004\070\004\075\004\060\004\100\004\070\004\067\004\060\004\106\004\070\004\117\000\040\004\077\004\100\004\070\004\067\004\075\004\060\004\072\004\076\004\062}{chapter.12}% 169
\BOOKMARK [2][-]{section*.272}{\376\377\004\021\004\070\004\075\004\060\004\100\004\070\004\067\004\060\004\106\004\070\004\117\000\040\004\072\004\076\004\073\004\070\004\107\004\065\004\101\004\102\004\062\004\065\004\075\004\075\004\113\004\105\000\040\004\077\004\100\004\070\004\067\004\075\004\060\004\072\004\076\004\062}{section*.271}% 170
\BOOKMARK [2][-]{section*.274}{\376\377\004\040\004\060\004\067\004\061\004\070\004\065\004\075\004\070\004\065\000\040\004\064\004\070\004\060\004\077\004\060\004\067\004\076\004\075\004\060\000\040\004\067\004\075\004\060\004\107\004\065\004\075\004\070\004\071\000\040\004\077\004\100\004\070\004\067\004\075\004\060\004\072\004\060\000\040\004\075\004\060\000\040\004\067\004\076\004\075\004\113}{section*.271}% 171
\BOOKMARK [2][-]{section*.275}{\376\377\004\026\004\060\004\064\004\075\004\113\004\071\000\040\004\060\004\073\004\063\004\076\004\100\004\070\004\102\004\074\000\040\004\101\004\073\004\070\004\117\004\075\004\070\004\117\000\040\004\067\004\076\004\075}{section*.271}% 172
\BOOKMARK [2][-]{section*.277}{\376\377\004\027\004\060\004\064\004\060\004\107\004\070}{section*.271}% 173
\BOOKMARK [1][-]{section*.278}{\376\377\004\022\004\067\004\062\004\065\004\110\004\065\004\075\004\075\004\076\004\065\000\040\004\063\004\076\004\073\004\076\004\101\004\076\004\062\004\060\004\075\004\070\004\065\000\040\004\077\004\100\004\060\004\062\004\070\004\073}{chapter.12}% 174
\BOOKMARK [2][-]{section*.279}{\376\377\004\037\004\100\004\070\004\075\004\106\004\070\004\077\000\040\004\063\004\076\004\073\004\076\004\101\004\076\004\062\004\060\004\075\004\070\004\117}{section*.278}% 175
\BOOKMARK [2][-]{section*.280}{\376\377\004\020\004\073\004\063\004\076\004\100\004\070\004\102\004\074\000\040\004\062\004\067\004\062\004\065\004\110\004\065\004\075\004\075\004\076\004\063\004\076\000\040\004\063\004\076\004\073\004\076\004\101\004\076\004\062\004\060\004\075\004\070\004\117}{section*.278}% 176
\BOOKMARK [2][-]{section*.281}{\376\377\004\037\004\100\004\076\004\061\004\073\004\065\004\074\004\060\000\040\004\064\004\070\004\062\004\065\004\100\004\101\004\070\004\104\004\070\004\072\004\060\004\106\004\070\004\070\000\040\004\077\004\100\004\060\004\062\004\070\004\073}{section*.278}% 177
\BOOKMARK [2][-]{section*.282}{\376\377\004\036\004\102\004\072\004\060\004\067\004\113\000\040\004\076\004\102\000\040\004\072\004\073\004\060\004\101\004\101\004\070\004\104\004\070\004\072\004\060\004\106\004\070\004\070}{section*.278}% 178
\BOOKMARK [2][-]{section*.283}{\376\377\004\027\004\060\004\064\004\060\004\107\004\070}{section*.278}% 179
\BOOKMARK [1][-]{section*.284}{\376\377\004\020\004\073\004\063\004\076\004\100\004\070\004\102\004\074\000\040\004\042\004\055\004\034\004\037}{chapter.12}% 180
\BOOKMARK [2][-]{section*.285}{\376\377\004\020\004\073\004\063\004\076\004\100\004\070\004\102\004\074\000\040\0001\000.\0009\000.\000\040\004\037\004\076\004\101\004\102\004\100\004\076\004\065\004\075\004\070\004\065\000\040\004\101\004\077\004\070\004\101\004\072\004\060\000\040\004\070\004\075\004\104\004\076\004\100\004\074\004\060\004\102\004\070\004\062\004\075\004\113\004\105\000\040\004\072\004\076\004\075\004\112\004\116\004\075\004\072\004\106\004\070\004\071\000\040\004\074\004\065\004\102\004\076\004\064\004\076\004\074\000\040\004\077\004\076\004\070\004\101\004\072\004\060\000\040\004\062\000\040\004\110\004\070\004\100\004\070\004\075\004\103\000\040\000\050\004\060\004\073\004\063\004\076\004\100\004\070\004\102\004\074\000\040\004\042\004\055\004\034\004\037\000\051}{section*.284}% 181
\BOOKMARK [2][-]{section*.286}{\376\377\004\020\004\073\004\063\004\076\004\100\004\070\004\102\004\074\000\040\0001\000.\0009\000:\000\040\004\037\004\076\004\101\004\102\004\100\004\076\004\065\004\075\004\070\004\065\000\040\004\101\004\077\004\070\004\101\004\072\004\060\000\040\004\070\004\075\004\104\004\076\004\100\004\074\004\060\004\102\004\070\004\062\004\075\004\113\004\105\000\040\004\072\004\076\004\075\004\112\004\116\004\075\004\072\004\106\004\070\004\071\000\040\004\074\004\065\004\102\004\076\004\064\004\076\004\074\000\040\004\077\004\076\004\070\004\101\004\072\004\060\000\040\004\062\000\040\004\110\004\070\004\100\004\070\004\075\004\103}{section*.284}% 182
\BOOKMARK [2][-]{section*.287}{\376\377\004\024\004\076\004\101\004\102\004\076\004\070\004\075\004\101\004\102\004\062\004\060\000\040\004\060\004\073\004\063\004\076\004\100\004\070\004\102\004\074\004\060\000\040\004\042\004\055\004\034\004\037}{section*.284}% 183
\BOOKMARK [2][-]{section*.288}{\376\377\004\035\004\065\004\064\004\076\004\101\004\102\004\060\004\102\004\072\004\070\000\040\004\060\004\073\004\063\004\076\004\100\004\070\004\102\004\074\004\060\000\040\004\042\004\055\004\034\004\037}{section*.284}% 184
\BOOKMARK [2][-]{section*.289}{\376\377\004\027\004\060\004\064\004\060\004\107\004\070}{section*.284}% 185
\BOOKMARK [0][-]{chapter.13}{\376\377\004\023\004\073\004\060\004\062\004\060\000\040\0001\0003\000.\000\040\004\037\004\076\004\070\004\101\004\072\000\040\004\060\004\101\004\101\004\076\004\106\004\070\004\060\004\102\004\070\004\062\004\075\004\113\004\105\000\040\004\077\004\100\004\060\004\062\004\070\004\073}{}% 186
\BOOKMARK [1][-]{section*.290}{\376\377\004\020\004\073\004\063\004\076\004\100\004\070\004\102\004\074\000\040\000F\000P\000-\000G\000r\000o\000w\000t\000h}{chapter.13}% 187
\BOOKMARK [2][-]{section*.291}{\376\377\004\037\004\076\004\101\004\102\004\100\004\076\004\065\004\075\004\070\004\065\000\040\000F\000P\000-\004\064\004\065\004\100\004\065\004\062\004\060}{section*.290}% 188
\BOOKMARK [2][-]{section*.294}{\376\377\004\037\004\076\004\101\004\102\004\100\004\076\004\065\004\075\004\070\004\065\000\040\004\103\004\101\004\073\004\076\004\062\004\075\004\076\004\063\004\076\000\040\000F\000P\000-\004\064\004\065\004\100\004\065\004\062\004\060}{section*.290}% 189
\BOOKMARK [2][-]{section*.295}{\376\377\004\037\004\076\004\101\004\102\004\100\004\076\004\065\004\075\004\070\004\065\000\040\004\101\004\077\004\070\004\101\004\072\004\060\000\040\004\060\004\101\004\101\004\076\004\106\004\070\004\060\004\102\004\070\004\062\004\075\004\113\004\105\000\040\004\077\004\100\004\060\004\062\004\070\004\073}{section*.290}% 190
\BOOKMARK [2][-]{section*.296}{\376\377\004\027\004\060\004\064\004\060\004\107\004\070\000\040\004\064\004\073\004\117\000\040\004\077\004\100\004\060\004\072\004\102\004\070\004\072\004\070}{section*.290}% 191
\BOOKMARK [1][-]{section*.297}{\376\377\004\020\004\073\004\063\004\076\004\100\004\070\004\102\004\074\000\040\000A\000P\000r\000i\000o\000r\000y}{chapter.13}% 192
\BOOKMARK [2][-]{section*.298}{\376\377\004\041\004\062\004\076\004\071\004\101\004\102\004\062\004\076\000\040\004\060\004\075\004\102\004\070\004\074\004\076\004\075\004\076\004\102\004\076\004\075\004\075\004\076\004\101\004\102\004\070}{section*.297}% 193
\BOOKMARK [2][-]{section*.299}{\376\377\004\037\004\076\004\070\004\101\004\072\000\040\004\107\004\060\004\101\004\102\004\113\004\105\000\040\004\075\004\060\004\061\004\076\004\100\004\076\004\062}{section*.297}% 194
\BOOKMARK [2][-]{section*.300}{\376\377\004\022\004\113\004\064\004\065\004\073\004\065\004\075\004\070\004\065\000\040\004\060\004\101\004\101\004\076\004\106\004\070\004\060\004\102\004\070\004\062\004\075\004\113\004\105\000\040\004\077\004\100\004\060\004\062\004\070\004\073\000.}{section*.297}% 195
\BOOKMARK [2][-]{section*.301}{\376\377\004\027\004\060\004\064\004\060\004\107\004\070\000\040\004\064\004\073\004\117\000\040\004\077\004\100\004\060\004\072\004\102\004\070\004\072\004\070}{section*.297}% 196
\BOOKMARK [1][-]{section*.306}{\376\377\004\027\004\060\004\064\004\060\004\107\004\060\000\040\004\060\004\062\004\102\004\076\004\074\004\060\004\102\004\070\004\107\004\065\004\101\004\072\004\076\004\063\004\076\000\040\004\062\004\113\004\064\004\065\004\073\004\065\004\075\004\070\004\117\000\040\004\102\004\065\004\100\004\074\004\070\004\075\004\076\004\062\000:\000\040\004\060\004\073\004\063\004\076\004\100\004\070\004\102\004\074\000\040\000T\000o\000p\000M\000i\000n\000e\000,\000\040\000U\000D\000P\000i\000p\000e\000,\000\040\004\074\004\076\004\064\004\065\004\073\004\114\000\040\000P\000L\000S\000A\000.}{chapter.13}% 197
\BOOKMARK [0][-]{chapter.14}{\376\377\004\023\004\073\004\060\004\062\004\060\000\040\0001\0004\000.\000\040\004\032\004\076\004\074\004\077\004\076\004\067\004\070\004\106\004\070\004\070\000\040\004\072\004\073\004\060\004\101\004\101\004\070\004\104\004\070\004\072\004\060\004\102\004\076\004\100\004\076\004\062}{}% 198
\BOOKMARK [1][-]{section*.314}{\376\377\000M\000i\000x\000t\000u\000r\000e\000\040\000o\000f\000\040\000E\000x\000p\000e\000r\000t\000s\000\040\000\050\004\041\004\074\004\065\004\101\004\114\000\040\004\115\004\072\004\101\004\077\004\065\004\100\004\102\004\076\004\062\000\051}{chapter.14}% 199
\BOOKMARK [2][-]{section*.315}{\376\377\004\027\004\060\004\064\004\060\004\107\004\070\000\040\004\070\000\040\004\100\004\065\004\110\004\065\004\075\004\070\004\117}{section*.314}% 200
\BOOKMARK [0][-]{chapter.15}{\376\377\004\023\004\073\004\060\004\062\004\060\000\040\0001\0005\000.\000\040\004\034\004\065\004\102\004\076\004\064\004\113\000\040\004\061\004\103\004\101\004\102\004\070\004\075\004\063\004\060}{}% 201
\BOOKMARK [1][-]{section*.330}{\376\377\004\023\004\100\004\060\004\064\004\070\004\065\004\075\004\102\004\075\004\113\004\071\000\040\004\061\004\103\004\101\004\102\004\070\004\075\004\063}{chapter.15}% 202
\BOOKMARK [2][-]{section*.331}{\376\377\004\047\004\102\004\076\000\040\004\102\004\060\004\072\004\076\004\065\000\040\004\063\004\100\004\060\004\064\004\070\004\065\004\075\004\102\004\075\004\113\004\071\000\040\004\061\004\103\004\101\004\102\004\070\004\075\004\063\000\040\004\070\000\040\004\065\004\063\004\076\000\040\004\070\004\101\004\102\004\076\004\100\004\070\004\117}{section*.330}% 203
\BOOKMARK [2][-]{section*.332}{\376\377\004\036\004\061\004\112\004\117\004\101\004\075\004\065\004\075\004\070\004\065\000\040\004\101\000\040\004\073\004\065\004\072\004\106\004\070\004\070\000\040\004\032\000.\004\022\000.\004\022\004\076\004\100\004\076\004\075\004\106\004\076\004\062\004\060}{section*.330}% 204
\BOOKMARK [2][-]{section*.333}{\376\377\004\032\004\073\004\060\004\101\004\101\004\070\004\107\004\065\004\101\004\072\004\060\004\117\000\040\004\060\004\075\004\060\004\073\004\076\004\063\004\070\004\117\000\040\004\101\000\040\004\063\004\076\004\073\004\114\004\104\004\076\004\074}{section*.330}% 205
\BOOKMARK [2][-]{section*.334}{\376\377\004\037\004\100\004\070\004\074\004\065\004\075\004\070\004\074\004\076\004\101\004\102\004\114\000\040\004\063\004\100\004\060\004\064\004\070\004\065\004\075\004\102\004\075\004\076\004\063\004\076\000\040\004\061\004\103\004\101\004\102\004\070\004\075\004\063\004\060}{section*.330}% 206
\BOOKMARK [2][-]{section*.335}{\376\377\004\027\004\060\004\064\004\060\004\107\004\070\000\040\004\064\004\073\004\117\000\040\004\077\004\100\004\060\004\072\004\102\004\070\004\072\004\070}{section*.330}% 207
\BOOKMARK [2][-]{section*.339}{\376\377\004\037\004\076\004\073\004\065\004\067\004\075\004\113\004\065\000\040\004\101\004\101\004\113\004\073\004\072\004\070}{section*.330}% 208
\BOOKMARK [1][-]{section*.340}{\376\377\000C\000a\000t\000B\000o\000o\000s\000t}{chapter.15}% 209
\BOOKMARK [1][-]{section*.353}{\376\377\000L\000i\000g\000h\000t\000G\000B\000M}{chapter.15}% 210
\BOOKMARK [2][-]{section*.354}{\376\377\004\020\004\075\004\060\004\073\004\070\004\067\000\040\004\101\004\073\004\076\004\066\004\075\004\076\004\101\004\102\004\070\000\040\004\063\004\100\004\060\004\064\004\070\004\065\004\075\004\102\004\075\004\076\004\063\004\076\000\040\004\061\004\103\004\101\004\102\004\070\004\075\004\063\004\060\000\040\004\075\004\060\004\064\000\040\004\100\004\065\004\110\004\060\004\116\004\111\004\070\004\074\004\070\000\040\004\064\004\065\004\100\004\065\004\062\004\114\004\117\004\074\004\070}{section*.353}% 211
\BOOKMARK [2][-]{section*.355}{\376\377\000G\000r\000a\000d\000i\000e\000n\000t\000-\000b\000a\000s\000e\000d\000\040\000O\000n\000e\000-\000S\000i\000d\000e\000\040\000S\000a\000m\000p\000l\000i\000n\000g\000\040\000\050\000G\000O\000S\000S\000\051}{section*.353}% 212
\BOOKMARK [2][-]{section*.356}{\376\377\000E\000x\000c\000l\000u\000s\000i\000v\000e\000\040\000F\000e\000a\000t\000u\000r\000e\000\040\000B\000u\000n\000d\000l\000i\000n\000g\000\040\000\050\000E\000F\000B\000\051}{section*.353}% 213
\BOOKMARK [2][-]{section*.357}{\376\377\004\027\004\060\004\064\004\060\004\107\004\070}{section*.353}% 214
\BOOKMARK [0][-]{chapter.16}{\376\377\004\023\004\073\004\060\004\062\004\060\000\040\0001\0006\000.\000\040\004\021\004\060\004\071\004\065\004\101\004\076\004\062\004\101\004\072\004\060\004\117\000\040\004\102\004\065\004\076\004\100\004\070\004\117\000\040\004\072\004\073\004\060\004\101\004\101\004\070\004\104\004\070\004\072\004\060\004\106\004\070\004\070}{}% 215
\BOOKMARK [0][-]{chapter.17}{\376\377\004\023\004\073\004\060\004\062\004\060\000\040\0001\0007\000.\000\040\004\034\004\065\004\102\004\076\004\064\004\113\000\040\004\072\004\073\004\060\004\101\004\102\004\065\004\100\004\070\004\067\004\060\004\106\004\070\004\070}{}% 216
\BOOKMARK [1][-]{section*.376}{\376\377\004\032\004\100\004\070\004\102\004\065\004\100\004\070\004\070\000\040\004\072\004\060\004\107\004\065\004\101\004\102\004\062\004\060\000\040\004\072\004\073\004\060\004\101\004\102\004\065\004\100\004\070\004\067\004\060\004\106\004\070\004\070}{chapter.17}% 217
\BOOKMARK [2][-]{section*.377}{\376\377\004\032\004\100\004\070\004\102\004\065\004\100\004\070\004\070\000,\000\040\004\075\004\065\000\040\004\102\004\100\004\065\004\061\004\103\004\116\004\111\004\070\004\065\000\040\004\100\004\060\004\067\004\074\004\065\004\102\004\072\004\070\000\040\004\062\004\113\004\061\004\076\004\100\004\072\004\070}{section*.376}% 218
\BOOKMARK [2][-]{section*.380}{\376\377\004\032\004\100\004\070\004\102\004\065\004\100\004\070\004\070\000,\000\040\004\102\004\100\004\065\004\061\004\103\004\116\004\111\004\070\004\065\000\040\004\100\004\060\004\067\004\074\004\065\004\102\004\072\004\070\000\040\004\062\004\113\004\061\004\076\004\100\004\072\004\070}{section*.376}% 219
\BOOKMARK [2][-]{section*.385}{\376\377\004\040\004\060\004\067\004\073\004\070\004\107\004\070\004\117\000\040\004\070\000\040\004\062\004\113\004\061\004\076\004\100\000\040\004\074\004\065\004\102\004\100\004\070\004\072\000\040\004\072\004\060\004\107\004\065\004\101\004\102\004\062\004\060\000\040\004\072\004\073\004\060\004\101\004\102\004\065\004\100\004\070\004\067\004\060\004\106\004\070\004\070}{section*.376}% 220
\BOOKMARK [2][-]{section*.386}{\376\377\004\027\004\060\004\064\004\060\004\107\004\070\000\040\004\075\004\060\000\040\004\077\004\076\004\075\004\070\004\074\004\060\004\075\004\070\004\065}{section*.376}% 221
\BOOKMARK [1][-]{section*.393}{\376\377\000D\000B\000S\000C\000A\000N}{chapter.17}% 222
\BOOKMARK [2][-]{section*.395}{\376\377\004\037\004\100\004\070\004\074\004\065\004\107\004\060\004\075\004\070\004\065\000\040\004\076\000\040\000H\000D\000B\000S\000C\000A\000N}{section*.393}% 223
\BOOKMARK [2][-]{section*.397}{\376\377\004\027\004\060\004\064\004\060\004\107\004\070}{section*.393}% 224
\BOOKMARK [1][-]{section*.399}{\376\377\004\037\004\100\004\076\004\101\004\102\004\113\004\065\000\040\004\115\004\062\004\100\004\070\004\101\004\102\004\070\004\107\004\065\004\101\004\072\004\070\004\065\000\040\004\074\004\065\004\102\004\076\004\064\004\113\000\040\004\107\004\060\004\101\004\102\004\070\004\107\004\075\004\076\004\063\004\076\000\040\004\076\004\061\004\103\004\107\004\065\004\075\004\070\004\117}{chapter.17}% 225
\BOOKMARK [2][-]{section*.400}{\376\377\004\037\004\076\004\101\004\102\004\060\004\075\004\076\004\062\004\072\004\060\000\040\004\067\004\060\004\064\004\060\004\107\004\070}{section*.399}% 226
\BOOKMARK [2][-]{section*.401}{\376\377\000S\000e\000l\000f\000-\000t\000r\000a\000i\000n\000i\000n\000g}{section*.399}% 227
\BOOKMARK [2][-]{section*.402}{\376\377\004\041\000o\000-\000t\000r\000a\000i\000n\000i\000n\000g}{section*.399}% 228
\BOOKMARK [2][-]{section*.403}{\376\377\004\041\000o\000-\000l\000e\000a\000r\000n\000i\000n\000g}{section*.399}% 229
\BOOKMARK [2][-]{section*.404}{\376\377\004\027\004\060\004\064\004\060\004\107\004\070}{section*.399}% 230
\BOOKMARK [0][-]{chapter.18}{\376\377\004\023\004\073\004\060\004\062\004\060\000\040\0001\0008\000.\000\040\004\036\004\061\004\103\004\107\004\065\004\075\004\070\004\065\000\040\004\075\004\060\000\040\004\075\004\065\004\100\004\060\004\067\004\074\004\065\004\107\004\065\004\075\004\075\004\113\004\105\000\040\004\064\004\060\004\075\004\075\004\113\004\105}{}% 231
\BOOKMARK [1][-]{section*.409}{\376\377\004\037\004\076\004\101\004\102\004\060\004\075\004\076\004\062\004\072\004\060}{chapter.18}% 232
\BOOKMARK [1][-]{section*.410}{\376\377\004\041\004\103\004\077\004\065\004\100\004\077\004\076\004\067\004\070\004\106\004\070\004\117}{chapter.18}% 233
\BOOKMARK [1][-]{section*.411}{\376\377\004\037\004\076\004\101\004\102\004\060\004\075\004\076\004\062\004\072\004\060\000\040\004\067\004\060\004\064\004\060\004\107\004\070\000\040\000S\000i\000m\000C\000L\000R}{chapter.18}% 234
\BOOKMARK [1][-]{section*.413}{\376\377\004\022\004\076\004\077\004\100\004\076\004\101\004\113}{chapter.18}% 235
